11:32:26.008 INFO  - Processing command line option -hwspec D:\TREX\TREX\SDK\SDK_Export\hw\system.xml. 
11:38:39.566 ERROR - Unexpected error while launching program. com.xilinx.sdk.targetmanager.TMException: Could not detect MDM peripheral on hardware. Please check:
    1. If FPGA is configured correctly
    2. MDM Core is instantiated in the design
    3. If the correct FPGA is referred, in case of multiple FPGAs
    4. If the correct MDM is referred, in case of a multiple MDM system
    

	at com.xilinx.sdk.targetmanager.internal.TM.connectToProcessor(Unknown Source)
	at com.xilinx.sdk.debug.core.internal.AppRunner.run(Unknown Source)

11:38:50.059 INFO  - FPGA configured successfully with bitstream "D:/TREX/TREX/SDK/SDK_Workspace/TREX_hw_platform/download.bit" 
11:40:42.255 ERROR - Unexpected error while parsing XMD response ?: com.google.gson.JsonSyntaxException: com.google.gson.stream.MalformedJsonException: invalid number or unquoted string near  
11:54:57.049 INFO  - FPGA configured successfully with bitstream "D:/TREX/TREX/SDK/SDK_Workspace/TREX_hw_platform/download.bit" 
11:57:31.694 INFO  - FPGA configured successfully with bitstream "D:/TREX/TREX/SDK/SDK_Workspace/TREX_hw_platform/download.bit" 
12:00:39.904 INFO  - FPGA configured successfully with bitstream "D:/TREX/TREX/SDK/SDK_Workspace/TREX_hw_platform/download.bit" 
12:01:37.009 INFO  - microblaze_0 Processor is in use. Please stop existing Run or Debug sessions before launching. 
12:02:38.265 INFO  - microblaze_0 Processor is in use. Please stop existing Run or Debug sessions before launching. 
12:05:21.193 ERROR - Unable to disconnect from existing targets java.lang.NullPointerException
	at com.xilinx.sdk.targetmanager.internal.json.XMDJSONProcess.issueCommand(Unknown Source)
	at com.xilinx.sdk.targetmanager.internal.TM.disconnectTarget(Unknown Source)

12:05:21.198 ERROR - Unexpected error while parsing XMD response ?: com.google.gson.JsonSyntaxException: com.google.gson.stream.MalformedJsonException: invalid number or unquoted string near  
11:05:24.581 INFO  - FPGA configured successfully with bitstream "D:/TREX/TREX/SDK/SDK_Workspace/TREX_hw_platform/download.bit" 
11:06:09.700 INFO  - FPGA configured successfully with bitstream "D:/TREX/TREX/SDK/SDK_Workspace/TREX_hw_platform/download.bit" 
11:06:36.022 INFO  - FPGA configured successfully with bitstream "D:/TREX/TREX/SDK/SDK_Workspace/TREX_hw_platform/download.bit" 
11:15:08.800 INFO  - FPGA configured successfully with bitstream "D:/TREX/TREX/SDK/SDK_Workspace/TREX_hw_platform/download.bit" 
11:15:56.028 INFO  - FPGA configured successfully with bitstream "D:/TREX/TREX/SDK/SDK_Workspace/TREX_hw_platform/download.bit" 
11:16:33.796 INFO  - microblaze_0 Processor is in use. Please stop existing Run or Debug sessions before launching. 
11:16:34.653 INFO  - microblaze_0 Processor is in use. Please stop existing Run or Debug sessions before launching. 
11:16:45.539 WARN  - Terminating existing sessions on processor microblaze_0 
11:16:46.928 INFO  - FPGA configured successfully with bitstream "D:/TREX/TREX/SDK/SDK_Workspace/TREX_hw_platform/download.bit" 
11:17:17.569 INFO  - FPGA configured successfully with bitstream "D:/TREX/TREX/SDK/SDK_Workspace/TREX_hw_platform/download.bit" 
11:17:40.288 INFO  - FPGA configured successfully with bitstream "D:/TREX/TREX/SDK/SDK_Workspace/TREX_hw_platform/download.bit" 
11:18:20.596 INFO  - FPGA configured successfully with bitstream "D:/TREX/TREX/SDK/SDK_Workspace/TREX_hw_platform/download.bit" 
11:19:16.001 INFO  - FPGA configured successfully with bitstream "D:/TREX/TREX/SDK/SDK_Workspace/TREX_hw_platform/download.bit" 
11:19:47.871 INFO  - FPGA configured successfully with bitstream "D:/TREX/TREX/SDK/SDK_Workspace/TREX_hw_platform/download.bit" 
11:20:10.376 INFO  - FPGA configured successfully with bitstream "D:/TREX/TREX/SDK/SDK_Workspace/TREX_hw_platform/download.bit" 
11:20:48.518 INFO  - FPGA configured successfully with bitstream "D:/TREX/TREX/SDK/SDK_Workspace/TREX_hw_platform/download.bit" 
11:21:00.591 INFO  - FPGA configured successfully with bitstream "D:/TREX/TREX/SDK/SDK_Workspace/TREX_hw_platform/download.bit" 
11:21:53.519 INFO  - FPGA configured successfully with bitstream "D:/TREX/TREX/SDK/SDK_Workspace/TREX_hw_platform/download.bit" 
11:23:20.288 INFO  - FPGA configured successfully with bitstream "D:/TREX/TREX/SDK/SDK_Workspace/TREX_hw_platform/download.bit" 
11:23:34.341 INFO  - FPGA configured successfully with bitstream "D:/TREX/TREX/SDK/SDK_Workspace/TREX_hw_platform/download.bit" 
11:25:07.461 INFO  - FPGA configured successfully with bitstream "D:/TREX/TREX/SDK/SDK_Workspace/TREX_hw_platform/download.bit" 
11:27:24.820 INFO  - FPGA configured successfully with bitstream "D:/TREX/TREX/SDK/SDK_Workspace/TREX_hw_platform/download.bit" 
11:31:03.518 INFO  - microblaze_0 Processor is in use. Please stop existing Run or Debug sessions before launching. 
11:31:13.318 INFO  - microblaze_0 Processor is in use. Please stop existing Run or Debug sessions before launching. 
11:31:47.788 INFO  - microblaze_0 Processor is in use. Please stop existing Run or Debug sessions before launching. 
11:33:15.230 WARN  - Terminating existing sessions on processor microblaze_0 
11:33:16.567 INFO  - FPGA configured successfully with bitstream "D:/TREX/TREX/SDK/SDK_Workspace/TREX_hw_platform/download.bit" 
11:34:45.219 WARN  - Terminating existing sessions on processor microblaze_0 
11:34:46.713 INFO  - FPGA configured successfully with bitstream "D:/TREX/TREX/SDK/SDK_Workspace/TREX_hw_platform/download.bit" 
11:35:23.750 WARN  - Terminating existing sessions on processor microblaze_0 
11:35:36.696 WARN  - Terminating existing sessions on processor microblaze_0 
11:35:47.003 WARN  - Terminating existing sessions on processor microblaze_0 
11:35:53.739 WARN  - Terminating existing sessions on processor microblaze_0 
11:36:00.192 WARN  - Terminating existing sessions on processor microblaze_0 
11:36:16.049 INFO  - microblaze_0 Processor is in use. Please stop existing Run or Debug sessions before launching. 
11:36:17.451 ERROR - Unexpected error while launching program. java.lang.RuntimeException: No Active System

	at com.xilinx.sdk.targetmanager.internal.TM.stop(Unknown Source)
	at com.xilinx.sdk.targetmanager.internal.CPURunSession.terminate(Unknown Source)

11:36:24.343 ERROR - Unexpected error while parsing XMD response ?: com.google.gson.JsonSyntaxException: com.google.gson.stream.MalformedJsonException: invalid number or unquoted string near  
11:36:49.778 INFO  - FPGA configured successfully with bitstream "D:/TREX/TREX/SDK/SDK_Workspace/TREX_hw_platform/download.bit" 
11:38:18.210 INFO  - FPGA configured successfully with bitstream "D:/TREX/TREX/SDK/SDK_Workspace/TREX_hw_platform/download.bit" 
11:38:43.819 INFO  - FPGA configured successfully with bitstream "D:/TREX/TREX/SDK/SDK_Workspace/TREX_hw_platform/download.bit" 
11:41:30.517 INFO  - FPGA configured successfully with bitstream "D:/TREX/TREX/SDK/SDK_Workspace/TREX_hw_platform/download.bit" 
11:42:12.521 INFO  - FPGA configured successfully with bitstream "D:/TREX/TREX/SDK/SDK_Workspace/TREX_hw_platform/download.bit" 
11:42:31.046 INFO  - FPGA configured successfully with bitstream "D:/TREX/TREX/SDK/SDK_Workspace/TREX_hw_platform/download.bit" 
11:43:22.037 INFO  - FPGA configured successfully with bitstream "D:/TREX/TREX/SDK/SDK_Workspace/TREX_hw_platform/download.bit" 
11:46:09.506 INFO  - FPGA configured successfully with bitstream "D:/TREX/TREX/SDK/SDK_Workspace/TREX_hw_platform/download.bit" 
11:46:46.627 INFO  - FPGA configured successfully with bitstream "D:/TREX/TREX/SDK/SDK_Workspace/TREX_hw_platform/download.bit" 
11:47:48.363 INFO  - FPGA configured successfully with bitstream "D:/TREX/TREX/SDK/SDK_Workspace/TREX_hw_platform/download.bit" 
11:48:10.386 INFO  - FPGA configured successfully with bitstream "D:/TREX/TREX/SDK/SDK_Workspace/TREX_hw_platform/download.bit" 
11:49:22.174 INFO  - FPGA configured successfully with bitstream "D:/TREX/TREX/SDK/SDK_Workspace/TREX_hw_platform/download.bit" 
11:49:54.277 INFO  - FPGA configured successfully with bitstream "D:/TREX/TREX/SDK/SDK_Workspace/TREX_hw_platform/download.bit" 
11:50:08.235 INFO  - FPGA configured successfully with bitstream "D:/TREX/TREX/SDK/SDK_Workspace/TREX_hw_platform/download.bit" 
11:50:23.043 INFO  - FPGA configured successfully with bitstream "D:/TREX/TREX/SDK/SDK_Workspace/TREX_hw_platform/download.bit" 
11:51:04.335 INFO  - FPGA configured successfully with bitstream "D:/TREX/TREX/SDK/SDK_Workspace/TREX_hw_platform/download.bit" 
11:51:54.594 ERROR - Unexpected error while parsing XMD response ?: com.google.gson.JsonSyntaxException: com.google.gson.stream.MalformedJsonException: invalid number or unquoted string near  
10:52:54.566 ERROR - FPGA Configuration failed.Connection to Board Failed

Failed to Scan JTAG Chain
    Unknown Error
 
10:53:09.849 INFO  - FPGA configured successfully with bitstream "D:/TREX/TREX/SDK/SDK_Workspace/TREX_hw_platform/download.bit" 
11:01:08.008 INFO  - FPGA configured successfully with bitstream "D:/TREX/TREX/SDK/SDK_Workspace/TREX_hw_platform/download.bit" 
11:25:02.719 ERROR - Unexpected error while parsing XMD response ?: com.google.gson.JsonSyntaxException: com.google.gson.stream.MalformedJsonException: invalid number or unquoted string near  
11:06:33.339 INFO  - Successfully generated D:\TREX\TREX\SDK\SDK_Workspace\TREX\src\lscript.ld. 
11:06:33.386 INFO  - Applying linker script to all configurations of project TREX. 
11:06:33.387 INFO  - Setting rebuild state to true for all configurations of project TREX. 
11:30:31.654 ERROR - FPGA Configuration failed.Connection to Board Failed

Failed to Scan JTAG Chain
    Unknown Error
 
11:30:41.081 ERROR - FPGA Configuration failed.Connection to Board Failed

Failed to Scan JTAG Chain
    Unknown Error
 
11:30:52.010 ERROR - FPGA Configuration failed.Connection to Board Failed

Failed to Scan JTAG Chain
    Unknown Error
 
11:31:11.077 ERROR - FPGA Configuration failed.Connection to Board Failed

Failed to Scan JTAG Chain
    Unknown Error
 
11:31:16.170 ERROR - Unexpected error while parsing XMD response ?: com.google.gson.JsonSyntaxException: com.google.gson.stream.MalformedJsonException: invalid number or unquoted string near  
11:31:51.305 ERROR - FPGA Configuration failed.Connection to Board Failed

Failed to Scan JTAG Chain
    Unknown Error
 
11:33:07.547 INFO  - FPGA configured successfully with bitstream "D:/TREX/TREX/SDK/SDK_Workspace/TREX_hw_platform/download.bit" 
11:34:44.114 INFO  - microblaze_0 Processor is in use. Please stop existing Run or Debug sessions before launching. 
11:35:31.381 INFO  - microblaze_0 Processor is in use. Please stop existing Run or Debug sessions before launching. 
11:35:42.230 WARN  - Terminating existing sessions on processor microblaze_0 
11:35:43.582 INFO  - FPGA configured successfully with bitstream "D:/TREX/TREX/SDK/SDK_Workspace/TREX_hw_platform/download.bit" 
11:37:47.738 INFO  - microblaze_0 Processor is in use. Please stop existing Run or Debug sessions before launching. 
11:37:59.037 INFO  - microblaze_0 Processor is in use. Please stop existing Run or Debug sessions before launching. 
11:38:22.917 INFO  - microblaze_0 Processor is in use. Please stop existing Run or Debug sessions before launching. 
11:38:43.012 INFO  - microblaze_0 Processor is in use. Please stop existing Run or Debug sessions before launching. 
11:39:52.667 INFO  - microblaze_0 Processor is in use. Please stop existing Run or Debug sessions before launching. 
11:43:34.127 INFO  - microblaze_0 Processor is in use. Please stop existing Run or Debug sessions before launching. 
11:45:11.684 INFO  - microblaze_0 Processor is in use. Please stop existing Run or Debug sessions before launching. 
11:45:47.154 INFO  - microblaze_0 Processor is in use. Please stop existing Run or Debug sessions before launching. 
11:46:00.806 INFO  - microblaze_0 Processor is in use. Please stop existing Run or Debug sessions before launching. 
11:46:55.365 INFO  - microblaze_0 Processor is in use. Please stop existing Run or Debug sessions before launching. 
11:47:19.723 INFO  - microblaze_0 Processor is in use. Please stop existing Run or Debug sessions before launching. 
11:47:53.680 INFO  - microblaze_0 Processor is in use. Please stop existing Run or Debug sessions before launching. 
11:49:07.752 INFO  - microblaze_0 Processor is in use. Please stop existing Run or Debug sessions before launching. 
11:49:21.220 INFO  - microblaze_0 Processor is in use. Please stop existing Run or Debug sessions before launching. 
11:49:38.691 INFO  - microblaze_0 Processor is in use. Please stop existing Run or Debug sessions before launching. 
11:49:48.191 INFO  - microblaze_0 Processor is in use. Please stop existing Run or Debug sessions before launching. 
11:50:14.561 INFO  - microblaze_0 Processor is in use. Please stop existing Run or Debug sessions before launching. 
11:50:37.328 INFO  - microblaze_0 Processor is in use. Please stop existing Run or Debug sessions before launching. 
11:50:44.328 INFO  - microblaze_0 Processor is in use. Please stop existing Run or Debug sessions before launching. 
11:50:56.986 INFO  - microblaze_0 Processor is in use. Please stop existing Run or Debug sessions before launching. 
11:51:31.434 INFO  - microblaze_0 Processor is in use. Please stop existing Run or Debug sessions before launching. 
11:51:54.184 INFO  - microblaze_0 Processor is in use. Please stop existing Run or Debug sessions before launching. 
11:52:25.246 INFO  - microblaze_0 Processor is in use. Please stop existing Run or Debug sessions before launching. 
11:52:43.501 INFO  - microblaze_0 Processor is in use. Please stop existing Run or Debug sessions before launching. 
11:53:12.871 INFO  - microblaze_0 Processor is in use. Please stop existing Run or Debug sessions before launching. 
11:54:40.954 INFO  - microblaze_0 Processor is in use. Please stop existing Run or Debug sessions before launching. 
11:55:37.041 INFO  - microblaze_0 Processor is in use. Please stop existing Run or Debug sessions before launching. 
11:55:57.213 INFO  - microblaze_0 Processor is in use. Please stop existing Run or Debug sessions before launching. 
11:57:08.385 INFO  - microblaze_0 Processor is in use. Please stop existing Run or Debug sessions before launching. 
11:57:25.174 INFO  - microblaze_0 Processor is in use. Please stop existing Run or Debug sessions before launching. 
11:57:48.761 INFO  - microblaze_0 Processor is in use. Please stop existing Run or Debug sessions before launching. 
11:59:57.047 INFO  - microblaze_0 Processor is in use. Please stop existing Run or Debug sessions before launching. 
12:03:48.015 INFO  - microblaze_0 Processor is in use. Please stop existing Run or Debug sessions before launching. 
12:04:43.492 INFO  - microblaze_0 Processor is in use. Please stop existing Run or Debug sessions before launching. 
12:05:03.738 INFO  - microblaze_0 Processor is in use. Please stop existing Run or Debug sessions before launching. 
12:05:12.621 INFO  - microblaze_0 Processor is in use. Please stop existing Run or Debug sessions before launching. 
12:05:32.632 INFO  - microblaze_0 Processor is in use. Please stop existing Run or Debug sessions before launching. 
12:05:47.310 INFO  - microblaze_0 Processor is in use. Please stop existing Run or Debug sessions before launching. 
12:05:50.608 INFO  - System reset is completed. 
12:06:34.323 WARN  - Terminating existing sessions on processor microblaze_0 
12:06:35.642 INFO  - FPGA configured successfully with bitstream "D:/TREX/TREX/SDK/SDK_Workspace/TREX_hw_platform/download.bit" 
12:07:04.971 INFO  - FPGA configured successfully with bitstream "D:/TREX/TREX/SDK/SDK_Workspace/TREX_hw_platform/download.bit" 
12:08:31.366 INFO  - microblaze_0 Processor is in use. Please stop existing Run or Debug sessions before launching. 
12:10:11.245 INFO  - microblaze_0 Processor is in use. Please stop existing Run or Debug sessions before launching. 
12:10:29.732 INFO  - microblaze_0 Processor is in use. Please stop existing Run or Debug sessions before launching. 
12:11:01.500 INFO  - microblaze_0 Processor is in use. Please stop existing Run or Debug sessions before launching. 
12:11:40.486 INFO  - microblaze_0 Processor is in use. Please stop existing Run or Debug sessions before launching. 
12:12:03.167 INFO  - microblaze_0 Processor is in use. Please stop existing Run or Debug sessions before launching. 
12:12:33.928 ERROR - Unable to disconnect from existing targets java.lang.NullPointerException
	at com.xilinx.sdk.targetmanager.internal.json.XMDJSONProcess.issueCommand(Unknown Source)
	at com.xilinx.sdk.targetmanager.internal.TM.disconnectTarget(Unknown Source)

12:12:33.963 ERROR - Unexpected error while fetching XMD's response:  java.net.SocketException: Connection reset
	at java.net.SocketInputStream.read(Unknown Source)
	at sun.nio.cs.StreamDecoder.readBytes(Unknown Source)

12:12:33.965 ERROR - Zero sized response read from XMD. This indicates a communication error or a programming error. 
