11:54:28.601 INFO  - Processing command line option -hwspec D:\trex_clean\SDK\SDK_Export\hw\system.xml. 
11:56:40.386 INFO  - FPGA configured successfully with bitstream "D:/trex_clean/SDK/SDK_Workscpace/trex_clean_hw_platform/download.bit" 
11:56:57.940 ERROR - Unexpected error while parsing XMD response ?: com.google.gson.JsonSyntaxException: com.google.gson.stream.MalformedJsonException: invalid number or unquoted string near  
12:04:13.271 INFO  - FPGA configured successfully with bitstream "D:/TREX/TREX-new/TREX/SDK/SDK_Workscpace/trex_clean_hw_platform/download.bit" 
12:04:45.582 INFO  - FPGA configured successfully with bitstream "D:/TREX/TREX-new/TREX/SDK/SDK_Workscpace/trex_clean_hw_platform/download.bit" 
12:05:01.829 ERROR - Unexpected error while parsing XMD response ?: com.google.gson.JsonSyntaxException: com.google.gson.stream.MalformedJsonException: invalid number or unquoted string near  
10:49:49.685 INFO  - Project trex_clean_hw_platform's source hardware specification located at D:\trex_clean\SDK\SDK_Export\hw\system.xml is now different from the local copy.
		 The local copy will be replaced with the source specification and your workspace will be updated. 
10:49:51.762 INFO  - Copied contents of D:\trex_clean\SDK\SDK_Export\hw\system.xml into \trex_clean_hw_platform\system.xml. 
10:49:51.810 INFO  - Copied contents of D:\trex_clean\SDK\SDK_Export\hw\system.bit into \trex_clean_hw_platform\system.bit. 
10:49:51.817 INFO  - Copied contents of D:\trex_clean\SDK\SDK_Export\hw\system_bd.bmm into \trex_clean_hw_platform\system_bd.bmm. 
10:49:52.128 INFO  - Synchronizing projects in the workspace with the hardware platform specification changes. 
10:49:54.264 INFO  - Updating hardware inferred compiler options for TREX. 
10:49:54.346 INFO  - Clearing existing target manager status. 
10:49:56.497 INFO  - Workspace synchronized with the new hardware specification file. Cleaning dependent projects... 
10:51:41.312 INFO  - FPGA configured successfully with bitstream "D:/ra117-2016/TREX/TREX/SDK/SDK_Workscpace/trex_clean_hw_platform/download.bit" 
10:53:32.958 INFO  - FPGA configured successfully with bitstream "D:/ra117-2016/TREX/TREX/SDK/SDK_Workscpace/trex_clean_hw_platform/download.bit" 
10:53:45.534 INFO  - FPGA configured successfully with bitstream "D:/ra117-2016/TREX/TREX/SDK/SDK_Workscpace/trex_clean_hw_platform/download.bit" 
10:54:12.055 INFO  - FPGA configured successfully with bitstream "D:/ra117-2016/TREX/TREX/SDK/SDK_Workscpace/trex_clean_hw_platform/download.bit" 
10:54:38.407 INFO  - FPGA configured successfully with bitstream "D:/ra117-2016/TREX/TREX/SDK/SDK_Workscpace/trex_clean_hw_platform/download.bit" 
10:55:26.803 INFO  - FPGA configured successfully with bitstream "D:/ra117-2016/TREX/TREX/SDK/SDK_Workscpace/trex_clean_hw_platform/download.bit" 
10:56:46.984 ERROR - Unexpected error while parsing XMD response ?: com.google.gson.JsonSyntaxException: com.google.gson.stream.MalformedJsonException: invalid number or unquoted string near  
11:07:09.276 INFO  - Converting 'microblaze' ELF file 'D:\ra117-2016\TREX\TREX\code\SDK\SDK_Workscpace\TREX\Release\TREX.elf' into bootable SREC format. 
11:07:09.457 INFO  - Caching converted image as 'D:\ra117-2016\TREX\TREX\code\SDK\SDK_Workscpace\trex_clean_hw_platform\cache\TREX.elf.srec'. 
